2016-11-28 20:11:17.260 [main] INFO  com.fourcasters.forec.reconciler.query.history.HistoryDAO - eurusd generated an index file of 117 entries
2016-11-28 20:11:17.264 [main] DEBUG com.fourcasters.forec.reconciler.query.history.HistoryDAO - Checkpoint: 1451343600000=310968
2016-11-28 20:11:17.265 [main] INFO  com.fourcasters.forec.reconciler.query.history.HistoryDAO - Record: HistoryRecord [volume=39, day=28, month=12, year=2015, hour=23, minute=0, timestamp=1451343600000, close=10973.0, open=10973.0, high=10974.0, low=10972.0]
2016-11-28 20:11:17.265 [main] INFO  com.fourcasters.forec.reconciler.query.history.HistoryDAO - Record: HistoryRecord [volume=49, day=28, month=12, year=2015, hour=23, minute=1, timestamp=1451343660000, close=10972.0, open=10973.0, high=10974.0, low=10972.0]
2016-11-28 20:11:17.265 [main] INFO  com.fourcasters.forec.reconciler.query.history.HistoryDAO - Record: HistoryRecord [volume=18, day=28, month=12, year=2015, hour=23, minute=2, timestamp=1451343720000, close=10972.0, open=10972.0, high=10972.0, low=10972.0]
2016-11-28 20:11:17.265 [main] INFO  com.fourcasters.forec.reconciler.query.history.HistoryDAO - Record: HistoryRecord [volume=17, day=28, month=12, year=2015, hour=23, minute=3, timestamp=1451343780000, close=10972.0, open=10972.0, high=10972.0, low=10972.0]
2016-11-28 20:11:17.265 [main] INFO  com.fourcasters.forec.reconciler.query.history.HistoryDAO - Record: HistoryRecord [volume=12, day=28, month=12, year=2015, hour=23, minute=4, timestamp=1451343840000, close=10972.0, open=10972.0, high=10973.0, low=10972.0]
2016-11-28 20:11:17.266 [main] INFO  com.fourcasters.forec.reconciler.query.history.HistoryDAO - Record: HistoryRecord [volume=11, day=28, month=12, year=2015, hour=23, minute=5, timestamp=1451343900000, close=10972.0, open=10972.0, high=10972.0, low=10972.0]
2016-11-28 20:11:17.266 [main] INFO  com.fourcasters.forec.reconciler.query.history.HistoryDAO - Record: HistoryRecord [volume=13, day=28, month=12, year=2015, hour=23, minute=6, timestamp=1451343960000, close=10972.0, open=10972.0, high=10972.0, low=10972.0]
2016-11-28 20:11:17.266 [main] INFO  com.fourcasters.forec.reconciler.query.history.HistoryDAO - Record: HistoryRecord [volume=15, day=28, month=12, year=2015, hour=23, minute=7, timestamp=1451344020000, close=10972.0, open=10972.0, high=10972.0, low=10972.0]
2016-11-28 20:11:17.266 [main] INFO  com.fourcasters.forec.reconciler.query.history.HistoryDAO - Record: HistoryRecord [volume=27, day=28, month=12, year=2015, hour=23, minute=8, timestamp=1451344080000, close=10971.0, open=10972.0, high=10972.0, low=10971.0]
2016-11-28 20:11:17.266 [main] INFO  com.fourcasters.forec.reconciler.query.history.HistoryDAO - Record: HistoryRecord [volume=18, day=28, month=12, year=2015, hour=23, minute=9, timestamp=1451344140000, close=10971.0, open=10971.0, high=10971.0, low=10970.0]
2016-11-28 20:11:17.266 [main] INFO  com.fourcasters.forec.reconciler.query.history.HistoryDAO - Record: HistoryRecord [volume=38, day=28, month=12, year=2015, hour=23, minute=10, timestamp=1451344200000, close=10971.0, open=10971.0, high=10972.0, low=10971.0]
2016-11-28 20:11:17.266 [main] INFO  com.fourcasters.forec.reconciler.query.history.HistoryDAO - Record: HistoryRecord [volume=15, day=28, month=12, year=2015, hour=23, minute=11, timestamp=1451344260000, close=10971.0, open=10971.0, high=10972.0, low=10971.0]
2016-11-28 20:11:17.267 [main] INFO  com.fourcasters.forec.reconciler.query.history.HistoryDAO - Record: HistoryRecord [volume=14, day=28, month=12, year=2015, hour=23, minute=12, timestamp=1451344320000, close=10971.0, open=10971.0, high=10971.0, low=10971.0]
2016-11-28 20:11:17.267 [main] INFO  com.fourcasters.forec.reconciler.query.history.HistoryDAO - Record: HistoryRecord [volume=9, day=28, month=12, year=2015, hour=23, minute=13, timestamp=1451344380000, close=10971.0, open=10971.0, high=10971.0, low=10971.0]
2016-11-28 20:11:17.267 [main] INFO  com.fourcasters.forec.reconciler.query.history.HistoryDAO - Record: HistoryRecord [volume=11, day=28, month=12, year=2015, hour=23, minute=14, timestamp=1451344440000, close=10971.0, open=10971.0, high=10971.0, low=10971.0]
2016-11-28 20:11:17.267 [main] INFO  com.fourcasters.forec.reconciler.query.history.HistoryDAO - Record: HistoryRecord [volume=30, day=28, month=12, year=2015, hour=23, minute=15, timestamp=1451344500000, close=10970.0, open=10971.0, high=10971.0, low=10970.0]
2016-11-28 20:11:17.267 [main] INFO  com.fourcasters.forec.reconciler.query.history.HistoryDAO - Record: HistoryRecord [volume=13, day=28, month=12, year=2015, hour=23, minute=16, timestamp=1451344560000, close=10970.0, open=10970.0, high=10970.0, low=10970.0]
2016-11-28 20:11:17.267 [main] INFO  com.fourcasters.forec.reconciler.query.history.HistoryDAO - Record: HistoryRecord [volume=17, day=28, month=12, year=2015, hour=23, minute=17, timestamp=1451344620000, close=10970.0, open=10970.0, high=10971.0, low=10970.0]
2016-11-28 20:11:17.267 [main] INFO  com.fourcasters.forec.reconciler.query.history.HistoryDAO - Record: HistoryRecord [volume=9, day=28, month=12, year=2015, hour=23, minute=18, timestamp=1451344680000, close=10970.0, open=10970.0, high=10970.0, low=10970.0]
2016-11-28 20:11:17.268 [main] INFO  com.fourcasters.forec.reconciler.query.history.HistoryDAO - Record: HistoryRecord [volume=20, day=28, month=12, year=2015, hour=23, minute=19, timestamp=1451344740000, close=10969.0, open=10970.0, high=10970.0, low=10968.0]
2016-11-28 20:11:17.268 [main] INFO  com.fourcasters.forec.reconciler.query.history.HistoryDAO - Record: HistoryRecord [volume=17, day=28, month=12, year=2015, hour=23, minute=20, timestamp=1451344800000, close=10969.0, open=10969.0, high=10969.0, low=10969.0]
2016-11-28 20:11:17.268 [main] INFO  com.fourcasters.forec.reconciler.query.history.HistoryDAO - Record: HistoryRecord [volume=17, day=28, month=12, year=2015, hour=23, minute=21, timestamp=1451344860000, close=10968.0, open=10969.0, high=10969.0, low=10968.0]
2016-11-28 20:11:17.268 [main] INFO  com.fourcasters.forec.reconciler.query.history.HistoryDAO - Record: HistoryRecord [volume=25, day=28, month=12, year=2015, hour=23, minute=22, timestamp=1451344920000, close=10969.0, open=10969.0, high=10969.0, low=10969.0]
2016-11-28 20:11:17.268 [main] INFO  com.fourcasters.forec.reconciler.query.history.HistoryDAO - Record: HistoryRecord [volume=16, day=28, month=12, year=2015, hour=23, minute=23, timestamp=1451344980000, close=10968.0, open=10969.0, high=10969.0, low=10968.0]
2016-11-28 20:11:17.268 [main] INFO  com.fourcasters.forec.reconciler.query.history.HistoryDAO - Record: HistoryRecord [volume=28, day=28, month=12, year=2015, hour=23, minute=24, timestamp=1451345040000, close=10968.0, open=10968.0, high=10968.0, low=10968.0]
2016-11-28 20:11:17.268 [main] INFO  com.fourcasters.forec.reconciler.query.history.HistoryDAO - Record: HistoryRecord [volume=37, day=28, month=12, year=2015, hour=23, minute=25, timestamp=1451345100000, close=10968.0, open=10968.0, high=10969.0, low=10968.0]
2016-11-28 20:11:17.269 [main] INFO  com.fourcasters.forec.reconciler.query.history.HistoryDAO - Record: HistoryRecord [volume=20, day=28, month=12, year=2015, hour=23, minute=26, timestamp=1451345160000, close=10969.0, open=10968.0, high=10969.0, low=10968.0]
2016-11-28 20:11:17.269 [main] INFO  com.fourcasters.forec.reconciler.query.history.HistoryDAO - Record: HistoryRecord [volume=19, day=28, month=12, year=2015, hour=23, minute=27, timestamp=1451345220000, close=10969.0, open=10969.0, high=10969.0, low=10969.0]
2016-11-28 20:11:17.269 [main] INFO  com.fourcasters.forec.reconciler.query.history.HistoryDAO - Record: HistoryRecord [volume=8, day=28, month=12, year=2015, hour=23, minute=28, timestamp=1451345280000, close=10969.0, open=10969.0, high=10969.0, low=10969.0]
2016-11-28 20:11:17.269 [main] INFO  com.fourcasters.forec.reconciler.query.history.HistoryDAO - Record: HistoryRecord [volume=33, day=28, month=12, year=2015, hour=23, minute=29, timestamp=1451345340000, close=10970.0, open=10969.0, high=10970.0, low=10969.0]
2016-11-28 20:11:17.269 [main] INFO  com.fourcasters.forec.reconciler.query.history.HistoryDAO - Record: HistoryRecord [volume=44, day=28, month=12, year=2015, hour=23, minute=30, timestamp=1451345400000, close=10969.0, open=10969.0, high=10970.0, low=10969.0]
2016-11-28 20:11:17.269 [main] INFO  com.fourcasters.forec.reconciler.query.history.HistoryDAO - Record: HistoryRecord [volume=41, day=28, month=12, year=2015, hour=23, minute=31, timestamp=1451345460000, close=10970.0, open=10969.0, high=10970.0, low=10969.0]
2016-11-28 20:11:17.270 [main] INFO  com.fourcasters.forec.reconciler.query.history.HistoryDAO - Record: HistoryRecord [volume=66, day=28, month=12, year=2015, hour=23, minute=32, timestamp=1451345520000, close=10970.0, open=10970.0, high=10970.0, low=10970.0]
2016-11-28 20:11:17.270 [main] INFO  com.fourcasters.forec.reconciler.query.history.HistoryDAO - Record: HistoryRecord [volume=48, day=28, month=12, year=2015, hour=23, minute=33, timestamp=1451345580000, close=10970.0, open=10970.0, high=10970.0, low=10969.0]
2016-11-28 20:11:17.270 [main] INFO  com.fourcasters.forec.reconciler.query.history.HistoryDAO - Record: HistoryRecord [volume=29, day=28, month=12, year=2015, hour=23, minute=34, timestamp=1451345640000, close=10969.0, open=10970.0, high=10970.0, low=10969.0]
2016-11-28 20:11:17.270 [main] INFO  com.fourcasters.forec.reconciler.query.history.HistoryDAO - Record: HistoryRecord [volume=19, day=28, month=12, year=2015, hour=23, minute=35, timestamp=1451345700000, close=10970.0, open=10969.0, high=10970.0, low=10969.0]
2016-11-28 20:11:17.270 [main] INFO  com.fourcasters.forec.reconciler.query.history.HistoryDAO - Record: HistoryRecord [volume=20, day=28, month=12, year=2015, hour=23, minute=36, timestamp=1451345760000, close=10970.0, open=10970.0, high=10970.0, low=10969.0]
2016-11-28 20:11:17.270 [main] INFO  com.fourcasters.forec.reconciler.query.history.HistoryDAO - Record: HistoryRecord [volume=20, day=28, month=12, year=2015, hour=23, minute=37, timestamp=1451345820000, close=10969.0, open=10970.0, high=10970.0, low=10969.0]
2016-11-28 20:11:17.270 [main] INFO  com.fourcasters.forec.reconciler.query.history.HistoryDAO - Record: HistoryRecord [volume=20, day=28, month=12, year=2015, hour=23, minute=38, timestamp=1451345880000, close=10969.0, open=10969.0, high=10969.0, low=10969.0]
2016-11-28 20:11:17.271 [main] INFO  com.fourcasters.forec.reconciler.query.history.HistoryDAO - Record: HistoryRecord [volume=11, day=28, month=12, year=2015, hour=23, minute=39, timestamp=1451345940000, close=10969.0, open=10969.0, high=10969.0, low=10969.0]
2016-11-28 20:11:17.271 [main] INFO  com.fourcasters.forec.reconciler.query.history.HistoryDAO - Record: HistoryRecord [volume=14, day=28, month=12, year=2015, hour=23, minute=40, timestamp=1451346000000, close=10969.0, open=10969.0, high=10969.0, low=10969.0]
2016-11-28 20:11:17.271 [main] INFO  com.fourcasters.forec.reconciler.query.history.HistoryDAO - Record: HistoryRecord [volume=21, day=28, month=12, year=2015, hour=23, minute=41, timestamp=1451346060000, close=10969.0, open=10969.0, high=10969.0, low=10969.0]
2016-11-28 20:11:17.271 [main] INFO  com.fourcasters.forec.reconciler.query.history.HistoryDAO - Record: HistoryRecord [volume=13, day=28, month=12, year=2015, hour=23, minute=42, timestamp=1451346120000, close=10969.0, open=10969.0, high=10969.0, low=10969.0]
2016-11-28 20:11:17.271 [main] INFO  com.fourcasters.forec.reconciler.query.history.HistoryDAO - Record: HistoryRecord [volume=34, day=28, month=12, year=2015, hour=23, minute=43, timestamp=1451346180000, close=10969.0, open=10969.0, high=10969.0, low=10969.0]
2016-11-28 20:11:17.271 [main] INFO  com.fourcasters.forec.reconciler.query.history.HistoryDAO - Record: HistoryRecord [volume=7, day=28, month=12, year=2015, hour=23, minute=44, timestamp=1451346240000, close=10969.0, open=10969.0, high=10969.0, low=10969.0]
2016-11-28 20:11:17.271 [main] INFO  com.fourcasters.forec.reconciler.query.history.HistoryDAO - Record: HistoryRecord [volume=21, day=28, month=12, year=2015, hour=23, minute=45, timestamp=1451346300000, close=10970.0, open=10969.0, high=10970.0, low=10969.0]
2016-11-28 20:11:17.272 [main] INFO  com.fourcasters.forec.reconciler.query.history.HistoryDAO - Record: HistoryRecord [volume=15, day=28, month=12, year=2015, hour=23, minute=46, timestamp=1451346360000, close=10970.0, open=10970.0, high=10970.0, low=10970.0]
2016-11-28 20:11:17.272 [main] INFO  com.fourcasters.forec.reconciler.query.history.HistoryDAO - Record: HistoryRecord [volume=13, day=28, month=12, year=2015, hour=23, minute=47, timestamp=1451346420000, close=10969.0, open=10970.0, high=10970.0, low=10969.0]
2016-11-28 20:11:17.272 [main] INFO  com.fourcasters.forec.reconciler.query.history.HistoryDAO - Record: HistoryRecord [volume=15, day=28, month=12, year=2015, hour=23, minute=48, timestamp=1451346480000, close=10969.0, open=10969.0, high=10969.0, low=10969.0]
2016-11-28 20:11:17.272 [main] INFO  com.fourcasters.forec.reconciler.query.history.HistoryDAO - Record: HistoryRecord [volume=8, day=28, month=12, year=2015, hour=23, minute=49, timestamp=1451346540000, close=10969.0, open=10969.0, high=10969.0, low=10969.0]
2016-11-28 20:11:17.272 [main] INFO  com.fourcasters.forec.reconciler.query.history.HistoryDAO - Record: HistoryRecord [volume=14, day=28, month=12, year=2015, hour=23, minute=50, timestamp=1451346600000, close=10969.0, open=10969.0, high=10969.0, low=10969.0]
2016-11-28 20:11:17.272 [main] INFO  com.fourcasters.forec.reconciler.query.history.HistoryDAO - Record: HistoryRecord [volume=11, day=28, month=12, year=2015, hour=23, minute=51, timestamp=1451346660000, close=10969.0, open=10969.0, high=10969.0, low=10969.0]
2016-11-28 20:11:17.272 [main] INFO  com.fourcasters.forec.reconciler.query.history.HistoryDAO - Record: HistoryRecord [volume=8, day=28, month=12, year=2015, hour=23, minute=52, timestamp=1451346720000, close=10969.0, open=10969.0, high=10969.0, low=10969.0]
2016-11-28 20:11:17.273 [main] INFO  com.fourcasters.forec.reconciler.query.history.HistoryDAO - Record: HistoryRecord [volume=10, day=28, month=12, year=2015, hour=23, minute=53, timestamp=1451346780000, close=10969.0, open=10969.0, high=10969.0, low=10969.0]
2016-11-28 20:11:17.273 [main] INFO  com.fourcasters.forec.reconciler.query.history.HistoryDAO - Record: HistoryRecord [volume=65, day=28, month=12, year=2015, hour=23, minute=54, timestamp=1451346840000, close=10969.0, open=10969.0, high=10969.0, low=10968.0]
2016-11-28 20:11:17.273 [main] INFO  com.fourcasters.forec.reconciler.query.history.HistoryDAO - Record: HistoryRecord [volume=25, day=28, month=12, year=2015, hour=23, minute=55, timestamp=1451346900000, close=10968.0, open=10969.0, high=10969.0, low=10968.0]
2016-11-28 20:11:17.273 [main] INFO  com.fourcasters.forec.reconciler.query.history.HistoryDAO - Record: HistoryRecord [volume=17, day=28, month=12, year=2015, hour=23, minute=56, timestamp=1451346960000, close=10968.0, open=10968.0, high=10968.0, low=10968.0]
2016-11-28 20:11:17.273 [main] INFO  com.fourcasters.forec.reconciler.query.history.HistoryDAO - Record: HistoryRecord [volume=22, day=28, month=12, year=2015, hour=23, minute=57, timestamp=1451347020000, close=10968.0, open=10968.0, high=10968.0, low=10968.0]
2016-11-28 20:11:17.273 [main] INFO  com.fourcasters.forec.reconciler.query.history.HistoryDAO - Record: HistoryRecord [volume=18, day=28, month=12, year=2015, hour=23, minute=58, timestamp=1451347080000, close=10968.0, open=10968.0, high=10968.0, low=10968.0]
2016-11-28 20:11:17.274 [main] INFO  com.fourcasters.forec.reconciler.query.history.HistoryDAO - Record: HistoryRecord [volume=67, day=28, month=12, year=2015, hour=23, minute=59, timestamp=1451347140000, close=10967.0, open=10968.0, high=10968.0, low=10967.0]
2016-11-28 20:11:17.276 [main] DEBUG com.fourcasters.forec.reconciler.query.history.HistoryDAO - Checkpoint: 1450656000000=0
2016-11-28 20:11:17.277 [main] INFO  com.fourcasters.forec.reconciler.query.history.HistoryDAO - Record: HistoryRecord [volume=16, day=21, month=12, year=2015, hour=0, minute=0, timestamp=1450656000000, close=10851.0, open=10851.0, high=10851.0, low=10851.0]
2016-11-28 20:11:17.277 [main] INFO  com.fourcasters.forec.reconciler.query.history.HistoryDAO - Record: HistoryRecord [volume=9, day=21, month=12, year=2015, hour=0, minute=1, timestamp=1450656060000, close=10852.0, open=10851.0, high=10852.0, low=10851.0]
2016-11-28 20:11:17.278 [main] INFO  com.fourcasters.forec.reconciler.query.history.HistoryDAO - Record: HistoryRecord [volume=9, day=21, month=12, year=2015, hour=0, minute=2, timestamp=1450656120000, close=10852.0, open=10852.0, high=10852.0, low=10852.0]
2016-11-28 20:11:17.278 [main] INFO  com.fourcasters.forec.reconciler.query.history.HistoryDAO - Record: HistoryRecord [volume=21, day=21, month=12, year=2015, hour=0, minute=3, timestamp=1450656180000, close=10847.0, open=10852.0, high=10853.0, low=10847.0]
2016-11-28 20:11:17.278 [main] INFO  com.fourcasters.forec.reconciler.query.history.HistoryDAO - Record: HistoryRecord [volume=50, day=21, month=12, year=2015, hour=0, minute=4, timestamp=1450656240000, close=10850.0, open=10847.0, high=10850.0, low=10846.0]
2016-11-28 20:11:17.278 [main] INFO  com.fourcasters.forec.reconciler.query.history.HistoryDAO - Record: HistoryRecord [volume=17, day=21, month=12, year=2015, hour=0, minute=5, timestamp=1450656300000, close=10850.0, open=10849.0, high=10850.0, low=10849.0]
2016-11-28 20:11:17.279 [main] INFO  com.fourcasters.forec.reconciler.query.history.HistoryDAO - Record: HistoryRecord [volume=19, day=21, month=12, year=2015, hour=0, minute=6, timestamp=1450656360000, close=10851.0, open=10850.0, high=10853.0, low=10850.0]
2016-11-28 20:11:17.279 [main] INFO  com.fourcasters.forec.reconciler.query.history.HistoryDAO - Record: HistoryRecord [volume=10, day=21, month=12, year=2015, hour=0, minute=7, timestamp=1450656420000, close=10851.0, open=10851.0, high=10851.0, low=10851.0]
2016-11-28 20:11:17.279 [main] INFO  com.fourcasters.forec.reconciler.query.history.HistoryDAO - Record: HistoryRecord [volume=13, day=21, month=12, year=2015, hour=0, minute=8, timestamp=1450656480000, close=10851.0, open=10851.0, high=10851.0, low=10851.0]
2016-11-28 20:11:17.279 [main] INFO  com.fourcasters.forec.reconciler.query.history.HistoryDAO - Record: HistoryRecord [volume=24, day=21, month=12, year=2015, hour=0, minute=9, timestamp=1450656540000, close=10851.0, open=10851.0, high=10852.0, low=10851.0]
2016-11-28 20:11:17.280 [main] DEBUG com.fourcasters.forec.reconciler.query.history.HistoryDAO - Checkpoint: 1450656000000=0
2016-11-28 20:11:17.281 [main] INFO  com.fourcasters.forec.reconciler.query.history.HistoryDAO - Record: HistoryRecord [volume=16, day=21, month=12, year=2015, hour=0, minute=0, timestamp=1450656000000, close=10851.0, open=10851.0, high=10851.0, low=10851.0]
2016-11-28 20:11:17.282 [main] DEBUG com.fourcasters.forec.reconciler.query.history.HistoryDAO - Checkpoint: 1450656000000=0
2016-11-28 20:11:17.282 [main] INFO  com.fourcasters.forec.reconciler.query.history.HistoryDAO - Record: HistoryRecord [volume=16, day=21, month=12, year=2015, hour=0, minute=0, timestamp=1450656000000, close=10851.0, open=10851.0, high=10851.0, low=10851.0]
2016-11-28 20:11:17.283 [main] DEBUG com.fourcasters.forec.reconciler.query.history.HistoryDAO - Checkpoint: 1450656000000=0
2016-11-28 20:11:17.283 [main] INFO  com.fourcasters.forec.reconciler.query.history.HistoryDAO - Record: HistoryRecord [volume=16, day=21, month=12, year=2015, hour=0, minute=0, timestamp=1450656000000, close=10851.0, open=10851.0, high=10851.0, low=10851.0]
2016-11-28 20:11:17.284 [main] INFO  com.fourcasters.forec.reconciler.query.history.HistoryDAO - Record: HistoryRecord [volume=9, day=21, month=12, year=2015, hour=0, minute=1, timestamp=1450656060000, close=10852.0, open=10851.0, high=10852.0, low=10851.0]
2016-11-28 20:11:17.284 [main] INFO  com.fourcasters.forec.reconciler.query.history.HistoryDAO - Record: HistoryRecord [volume=9, day=21, month=12, year=2015, hour=0, minute=2, timestamp=1450656120000, close=10852.0, open=10852.0, high=10852.0, low=10852.0]
2016-11-28 20:11:17.284 [main] INFO  com.fourcasters.forec.reconciler.query.history.HistoryDAO - Record: HistoryRecord [volume=21, day=21, month=12, year=2015, hour=0, minute=3, timestamp=1450656180000, close=10847.0, open=10852.0, high=10853.0, low=10847.0]
2016-11-28 20:11:17.284 [main] INFO  com.fourcasters.forec.reconciler.query.history.HistoryDAO - Record: HistoryRecord [volume=50, day=21, month=12, year=2015, hour=0, minute=4, timestamp=1450656240000, close=10850.0, open=10847.0, high=10850.0, low=10846.0]
2016-11-28 20:11:17.284 [main] INFO  com.fourcasters.forec.reconciler.query.history.HistoryDAO - Record: HistoryRecord [volume=17, day=21, month=12, year=2015, hour=0, minute=5, timestamp=1450656300000, close=10850.0, open=10849.0, high=10850.0, low=10849.0]
2016-11-28 20:11:17.285 [main] INFO  com.fourcasters.forec.reconciler.query.history.HistoryDAO - Record: HistoryRecord [volume=19, day=21, month=12, year=2015, hour=0, minute=6, timestamp=1450656360000, close=10851.0, open=10850.0, high=10853.0, low=10850.0]
2016-11-28 20:11:17.285 [main] INFO  com.fourcasters.forec.reconciler.query.history.HistoryDAO - Record: HistoryRecord [volume=10, day=21, month=12, year=2015, hour=0, minute=7, timestamp=1450656420000, close=10851.0, open=10851.0, high=10851.0, low=10851.0]
2016-11-28 20:11:17.285 [main] INFO  com.fourcasters.forec.reconciler.query.history.HistoryDAO - Record: HistoryRecord [volume=13, day=21, month=12, year=2015, hour=0, minute=8, timestamp=1450656480000, close=10851.0, open=10851.0, high=10851.0, low=10851.0]
2016-11-28 20:11:17.285 [main] INFO  com.fourcasters.forec.reconciler.query.history.HistoryDAO - Record: HistoryRecord [volume=24, day=21, month=12, year=2015, hour=0, minute=9, timestamp=1450656540000, close=10851.0, open=10851.0, high=10852.0, low=10851.0]
2016-11-28 20:11:17.286 [main] DEBUG com.fourcasters.forec.reconciler.query.history.HistoryDAO - Checkpoint: 1450987200000=248826
2016-11-28 20:11:17.287 [main] INFO  com.fourcasters.forec.reconciler.query.history.HistoryDAO - Record: HistoryRecord [volume=25, day=24, month=12, year=2015, hour=20, minute=0, timestamp=1450987200000, close=10952.0, open=10952.0, high=10953.0, low=10952.0]
2016-11-28 20:11:17.290 [main] INFO  com.fourcasters.forec.reconciler.query.history.HistoryDAO - Record: HistoryRecord [volume=7, day=28, month=12, year=2015, hour=0, minute=0, timestamp=1451260800000, close=10945.0, open=10945.0, high=10947.0, low=10944.0]
2016-11-28 20:11:17.291 [main] DEBUG com.fourcasters.forec.reconciler.query.history.HistoryDAO - Checkpoint: 1450656000000=0
2016-11-28 20:11:17.292 [main] INFO  com.fourcasters.forec.reconciler.query.history.HistoryDAO - Record: HistoryRecord [volume=16, day=21, month=12, year=2015, hour=0, minute=0, timestamp=1450656000000, close=10851.0, open=10851.0, high=10851.0, low=10851.0]
2016-11-28 20:11:17.292 [main] INFO  com.fourcasters.forec.reconciler.query.history.HistoryDAO - Record: HistoryRecord [volume=9, day=21, month=12, year=2015, hour=0, minute=1, timestamp=1450656060000, close=10852.0, open=10851.0, high=10852.0, low=10851.0]
2016-11-28 20:11:17.293 [main] INFO  com.fourcasters.forec.reconciler.query.history.HistoryDAO - Record: HistoryRecord [volume=9, day=21, month=12, year=2015, hour=0, minute=2, timestamp=1450656120000, close=10852.0, open=10852.0, high=10852.0, low=10852.0]
2016-11-28 20:11:17.293 [main] INFO  com.fourcasters.forec.reconciler.query.history.HistoryDAO - Record: HistoryRecord [volume=21, day=21, month=12, year=2015, hour=0, minute=3, timestamp=1450656180000, close=10847.0, open=10852.0, high=10853.0, low=10847.0]
2016-11-28 20:11:17.293 [main] INFO  com.fourcasters.forec.reconciler.query.history.HistoryDAO - Record: HistoryRecord [volume=50, day=21, month=12, year=2015, hour=0, minute=4, timestamp=1450656240000, close=10850.0, open=10847.0, high=10850.0, low=10846.0]
2016-11-28 20:11:17.293 [main] INFO  com.fourcasters.forec.reconciler.query.history.HistoryDAO - Record: HistoryRecord [volume=17, day=21, month=12, year=2015, hour=0, minute=5, timestamp=1450656300000, close=10850.0, open=10849.0, high=10850.0, low=10849.0]
2016-11-28 20:11:17.293 [main] INFO  com.fourcasters.forec.reconciler.query.history.HistoryDAO - Record: HistoryRecord [volume=19, day=21, month=12, year=2015, hour=0, minute=6, timestamp=1450656360000, close=10851.0, open=10850.0, high=10853.0, low=10850.0]
2016-11-28 20:11:17.294 [main] INFO  com.fourcasters.forec.reconciler.query.history.HistoryDAO - Record: HistoryRecord [volume=10, day=21, month=12, year=2015, hour=0, minute=7, timestamp=1450656420000, close=10851.0, open=10851.0, high=10851.0, low=10851.0]
2016-11-28 20:11:17.294 [main] INFO  com.fourcasters.forec.reconciler.query.history.HistoryDAO - Record: HistoryRecord [volume=13, day=21, month=12, year=2015, hour=0, minute=8, timestamp=1450656480000, close=10851.0, open=10851.0, high=10851.0, low=10851.0]
2016-11-28 20:11:17.294 [main] INFO  com.fourcasters.forec.reconciler.query.history.HistoryDAO - Record: HistoryRecord [volume=24, day=21, month=12, year=2015, hour=0, minute=9, timestamp=1450656540000, close=10851.0, open=10851.0, high=10852.0, low=10851.0]
2016-11-28 20:11:17.294 [main] INFO  com.fourcasters.forec.reconciler.query.history.HistoryDAO - Record: HistoryRecord [volume=27, day=21, month=12, year=2015, hour=0, minute=10, timestamp=1450656600000, close=10856.0, open=10852.0, high=10857.0, low=10852.0]
2016-11-28 20:11:17.295 [main] INFO  com.fourcasters.forec.reconciler.query.history.HistoryDAO - Record: HistoryRecord [volume=18, day=21, month=12, year=2015, hour=0, minute=11, timestamp=1450656660000, close=10858.0, open=10856.0, high=10858.0, low=10856.0]
2016-11-28 20:11:17.295 [main] INFO  com.fourcasters.forec.reconciler.query.history.HistoryDAO - Record: HistoryRecord [volume=20, day=21, month=12, year=2015, hour=0, minute=12, timestamp=1450656720000, close=10859.0, open=10858.0, high=10859.0, low=10857.0]
2016-11-28 20:11:17.295 [main] INFO  com.fourcasters.forec.reconciler.query.history.HistoryDAO - Record: HistoryRecord [volume=28, day=21, month=12, year=2015, hour=0, minute=13, timestamp=1450656780000, close=10858.0, open=10859.0, high=10859.0, low=10858.0]
2016-11-28 20:11:17.295 [main] INFO  com.fourcasters.forec.reconciler.query.history.HistoryDAO - Record: HistoryRecord [volume=43, day=21, month=12, year=2015, hour=0, minute=14, timestamp=1450656840000, close=10858.0, open=10858.0, high=10860.0, low=10858.0]
2016-11-28 20:11:17.296 [main] INFO  com.fourcasters.forec.reconciler.query.history.HistoryDAO - Record: HistoryRecord [volume=8, day=21, month=12, year=2015, hour=0, minute=15, timestamp=1450656900000, close=10858.0, open=10858.0, high=10858.0, low=10858.0]
2016-11-28 20:11:17.296 [main] INFO  com.fourcasters.forec.reconciler.query.history.HistoryDAO - Record: HistoryRecord [volume=38, day=21, month=12, year=2015, hour=0, minute=16, timestamp=1450656960000, close=10856.0, open=10857.0, high=10857.0, low=10855.0]
2016-11-28 20:11:17.296 [main] INFO  com.fourcasters.forec.reconciler.query.history.HistoryDAO - Record: HistoryRecord [volume=15, day=21, month=12, year=2015, hour=0, minute=17, timestamp=1450657020000, close=10856.0, open=10856.0, high=10856.0, low=10856.0]
2016-11-28 20:11:17.296 [main] INFO  com.fourcasters.forec.reconciler.query.history.HistoryDAO - Record: HistoryRecord [volume=23, day=21, month=12, year=2015, hour=0, minute=18, timestamp=1450657080000, close=10858.0, open=10856.0, high=10858.0, low=10856.0]
2016-11-28 20:11:17.296 [main] INFO  com.fourcasters.forec.reconciler.query.history.HistoryDAO - Record: HistoryRecord [volume=27, day=21, month=12, year=2015, hour=0, minute=19, timestamp=1450657140000, close=10857.0, open=10858.0, high=10858.0, low=10857.0]
2016-11-28 20:11:17.297 [main] DEBUG com.fourcasters.forec.reconciler.query.history.HistoryDAO - Checkpoint: 1450656000000=0
2016-11-28 20:11:17.297 [main] INFO  com.fourcasters.forec.reconciler.query.history.HistoryDAO - Record: HistoryRecord [volume=16, day=21, month=12, year=2015, hour=0, minute=0, timestamp=1450656000000, close=10851.0, open=10851.0, high=10851.0, low=10851.0]
2016-11-28 20:11:17.297 [main] INFO  com.fourcasters.forec.reconciler.query.history.HistoryDAO - Record: HistoryRecord [volume=9, day=21, month=12, year=2015, hour=0, minute=1, timestamp=1450656060000, close=10852.0, open=10851.0, high=10852.0, low=10851.0]
2016-11-28 20:11:17.297 [main] INFO  com.fourcasters.forec.reconciler.query.history.HistoryDAO - Record: HistoryRecord [volume=9, day=21, month=12, year=2015, hour=0, minute=2, timestamp=1450656120000, close=10852.0, open=10852.0, high=10852.0, low=10852.0]
2016-11-28 20:11:17.297 [main] INFO  com.fourcasters.forec.reconciler.query.history.HistoryDAO - Record: HistoryRecord [volume=21, day=21, month=12, year=2015, hour=0, minute=3, timestamp=1450656180000, close=10847.0, open=10852.0, high=10853.0, low=10847.0]
2016-11-28 20:11:17.298 [main] INFO  com.fourcasters.forec.reconciler.query.history.HistoryDAO - Record: HistoryRecord [volume=50, day=21, month=12, year=2015, hour=0, minute=4, timestamp=1450656240000, close=10850.0, open=10847.0, high=10850.0, low=10846.0]
2016-11-28 20:11:17.298 [main] INFO  com.fourcasters.forec.reconciler.query.history.HistoryDAO - Record: HistoryRecord [volume=17, day=21, month=12, year=2015, hour=0, minute=5, timestamp=1450656300000, close=10850.0, open=10849.0, high=10850.0, low=10849.0]
2016-11-28 20:11:17.298 [main] INFO  com.fourcasters.forec.reconciler.query.history.HistoryDAO - Record: HistoryRecord [volume=19, day=21, month=12, year=2015, hour=0, minute=6, timestamp=1450656360000, close=10851.0, open=10850.0, high=10853.0, low=10850.0]
2016-11-28 20:11:17.298 [main] INFO  com.fourcasters.forec.reconciler.query.history.HistoryDAO - Record: HistoryRecord [volume=10, day=21, month=12, year=2015, hour=0, minute=7, timestamp=1450656420000, close=10851.0, open=10851.0, high=10851.0, low=10851.0]
2016-11-28 20:11:17.298 [main] INFO  com.fourcasters.forec.reconciler.query.history.HistoryDAO - Record: HistoryRecord [volume=13, day=21, month=12, year=2015, hour=0, minute=8, timestamp=1450656480000, close=10851.0, open=10851.0, high=10851.0, low=10851.0]
2016-11-28 20:11:17.299 [main] INFO  com.fourcasters.forec.reconciler.query.history.HistoryDAO - Record: HistoryRecord [volume=24, day=21, month=12, year=2015, hour=0, minute=9, timestamp=1450656540000, close=10851.0, open=10851.0, high=10852.0, low=10851.0]
2016-11-28 20:11:17.299 [main] INFO  com.fourcasters.forec.reconciler.query.history.HistoryDAO - Record: HistoryRecord [volume=27, day=21, month=12, year=2015, hour=0, minute=10, timestamp=1450656600000, close=10856.0, open=10852.0, high=10857.0, low=10852.0]
2016-11-28 20:11:17.333 [main] INFO  com.fourcasters.forec.reconciler.query.history.HistoryDAO - eurusd generated an index file of 117 entries
2016-11-28 20:11:17.334 [main] INFO  com.fourcasters.forec.reconciler.query.history.HistoryDAO - audcad generated an index file of 4 entries
2016-11-28 20:11:17.612 [main] INFO  com.fourcasters.forec.reconciler.server.persist.TradeTaskFactory - TransId 12345 -> single
2016-11-28 20:11:17.613 [main] INFO  com.fourcasters.forec.reconciler.server.persist.TransactionManager - tasksToRun? 1
2016-11-28 20:11:17.613 [main] INFO  com.fourcasters.forec.reconciler.server.persist.TransactionManager - TransId 67890 -> t? null
2016-11-28 20:11:17.613 [main] INFO  com.fourcasters.forec.reconciler.server.persist.TradeTaskFactory - TransId 67890 -> full, first? true
2016-11-28 20:11:17.614 [main] INFO  com.fourcasters.forec.reconciler.server.persist.TransactionManager - tasksToRun? 2
2016-11-28 20:11:17.614 [main] INFO  com.fourcasters.forec.reconciler.server.persist.TransactionManager - TransId 67890 -> t? Transaction [waiting=10, tasks=[FullTask [r=MultiPartsTransaction [file=Trades.csv, first=true, transId=67890, listener=com.fourcasters.forec.reconciler.server.persist.TransactionManager@31368b99, tradesInMessage=a,b,c,d,e,f||g,h,i,j,k,l||m,n,o,p,q,r||s,t,u,v,w,x]]], completed=false]
2016-11-28 20:11:17.614 [main] INFO  com.fourcasters.forec.reconciler.server.persist.TradeTaskFactory - TransId 67890 -> full, first? false
2016-11-28 20:11:17.614 [main] INFO  com.fourcasters.forec.reconciler.server.persist.TransactionManager - tasksToRun? 3
2016-11-28 20:11:17.615 [main] INFO  com.fourcasters.forec.reconciler.server.persist.TransactionManager - TransId 54321 -> t? null
2016-11-28 20:11:17.615 [main] INFO  com.fourcasters.forec.reconciler.server.persist.TradeTaskFactory - TransId 54321 -> opens, first? true
2016-11-28 20:11:17.615 [main] INFO  com.fourcasters.forec.reconciler.server.persist.TransactionManager - tasksToRun? 4
2016-11-28 20:11:17.616 [main] INFO  com.fourcasters.forec.reconciler.server.persist.TransactionManager - TransId 67890 -> t? null
2016-11-28 20:11:17.616 [main] INFO  com.fourcasters.forec.reconciler.server.persist.TradeTaskFactory - TransId 67890 -> full, first? true
2016-11-28 20:11:17.616 [main] INFO  com.fourcasters.forec.reconciler.server.persist.TransactionManager - tasksToRun? 1
2016-11-28 20:11:17.616 [main] INFO  com.fourcasters.forec.reconciler.server.persist.TransactionManager - TransId 67890 -> t? Transaction [waiting=10, tasks=[FullTask [r=MultiPartsTransaction [file=Trades.csv, first=true, transId=67890, listener=com.fourcasters.forec.reconciler.server.persist.TransactionManager@1725dc0f, tradesInMessage=z,z,z,z,z,z||y,y,y,y,y,y||more]]], completed=false]
2016-11-28 20:11:17.617 [main] INFO  com.fourcasters.forec.reconciler.server.persist.TradeTaskFactory - TransId 67890 -> full, first? false
2016-11-28 20:11:17.617 [main] INFO  com.fourcasters.forec.reconciler.server.persist.TransactionManager - tasksToRun? 2
2016-11-28 20:11:17.617 [main] INFO  com.fourcasters.forec.reconciler.server.persist.TransactionManager - TransId 54321 -> t? null
2016-11-28 20:11:17.617 [main] INFO  com.fourcasters.forec.reconciler.server.persist.TradeTaskFactory - TransId 54321 -> opens, first? true
2016-11-28 20:11:17.617 [main] INFO  com.fourcasters.forec.reconciler.server.persist.TransactionManager - tasksToRun? 3
2016-11-28 20:11:17.617 [main] INFO  com.fourcasters.forec.reconciler.server.persist.TradeTaskFactory - TransId 12345 -> single
2016-11-28 20:11:17.617 [main] INFO  com.fourcasters.forec.reconciler.server.persist.TransactionManager - tasksToRun? 4
2016-11-28 20:11:17.618 [main] INFO  com.fourcasters.forec.reconciler.server.persist.TradeTaskFactory - TransId 12345 -> single
2016-11-28 20:11:17.618 [main] INFO  com.fourcasters.forec.reconciler.server.persist.TransactionManager - tasksToRun? 1
2016-11-28 20:11:17.618 [main] INFO  com.fourcasters.forec.reconciler.server.persist.TransactionManager - TransId 67890 -> t? null
2016-11-28 20:11:17.618 [main] INFO  com.fourcasters.forec.reconciler.server.persist.TradeTaskFactory - TransId 67890 -> full, first? true
2016-11-28 20:11:17.618 [main] INFO  com.fourcasters.forec.reconciler.server.persist.TransactionManager - tasksToRun? 2
2016-11-28 20:11:17.618 [main] INFO  com.fourcasters.forec.reconciler.server.persist.TransactionManager - TransId 54321 -> t? null
2016-11-28 20:11:17.618 [main] INFO  com.fourcasters.forec.reconciler.server.persist.TradeTaskFactory - TransId 54321 -> opens, first? true
2016-11-28 20:11:17.618 [main] INFO  com.fourcasters.forec.reconciler.server.persist.TransactionManager - tasksToRun? 3
2016-11-28 20:11:17.619 [main] INFO  com.fourcasters.forec.reconciler.server.persist.TradeTaskFactory - TransId 12345 -> single
2016-11-28 20:11:17.619 [main] INFO  com.fourcasters.forec.reconciler.server.persist.TransactionManager - tasksToRun? 1
2016-11-28 20:11:17.620 [main] INFO  com.fourcasters.forec.reconciler.server.persist.TransactionManager - TransId 54321 -> t? null
2016-11-28 20:11:17.620 [main] INFO  com.fourcasters.forec.reconciler.server.persist.TradeTaskFactory - TransId 54321 -> opens, first? true
2016-11-28 20:11:17.620 [main] INFO  com.fourcasters.forec.reconciler.server.persist.TransactionManager - tasksToRun? 1
2016-11-28 20:11:17.678 [main] INFO  com.fourcasters.forec.reconciler.query.history.HistoryDAO - eurusd generated an index file of 117 entries
2016-11-28 20:11:17.687 [main] DEBUG com.fourcasters.forec.reconciler.server.http.HistoryServlet - Path to history: ./history/test/eurusd.csv
2016-11-28 20:11:17.691 [main] DEBUG com.fourcasters.forec.reconciler.server.http.HistoryServlet - from: Wed Dec 23 13:21:00 GMT 2015
2016-11-28 20:11:17.691 [main] DEBUG com.fourcasters.forec.reconciler.server.http.HistoryServlet - to: Wed Dec 23 13:31:00 GMT 2015
2016-11-28 20:11:17.691 [main] DEBUG com.fourcasters.forec.reconciler.query.history.HistoryDAO - Checkpoint: 1450875600000=165082
2016-11-28 20:11:17.691 [main] INFO  com.fourcasters.forec.reconciler.query.history.HistoryDAO - Record: HistoryRecord [volume=47, day=23, month=12, year=2015, hour=13, minute=0, timestamp=1450875600000, close=10921.0, open=10921.0, high=10921.0, low=10920.0]
2016-11-28 20:11:17.691 [main] INFO  com.fourcasters.forec.reconciler.query.history.HistoryDAO - Record: HistoryRecord [volume=71, day=23, month=12, year=2015, hour=13, minute=1, timestamp=1450875660000, close=10923.0, open=10921.0, high=10923.0, low=10921.0]
2016-11-28 20:11:17.692 [main] INFO  com.fourcasters.forec.reconciler.query.history.HistoryDAO - Record: HistoryRecord [volume=92, day=23, month=12, year=2015, hour=13, minute=2, timestamp=1450875720000, close=10923.0, open=10923.0, high=10924.0, low=10922.0]
2016-11-28 20:11:17.692 [main] INFO  com.fourcasters.forec.reconciler.query.history.HistoryDAO - Record: HistoryRecord [volume=51, day=23, month=12, year=2015, hour=13, minute=3, timestamp=1450875780000, close=10923.0, open=10923.0, high=10923.0, low=10922.0]
2016-11-28 20:11:17.692 [main] INFO  com.fourcasters.forec.reconciler.query.history.HistoryDAO - Record: HistoryRecord [volume=23, day=23, month=12, year=2015, hour=13, minute=4, timestamp=1450875840000, close=10923.0, open=10923.0, high=10923.0, low=10922.0]
2016-11-28 20:11:17.692 [main] INFO  com.fourcasters.forec.reconciler.query.history.HistoryDAO - Record: HistoryRecord [volume=33, day=23, month=12, year=2015, hour=13, minute=5, timestamp=1450875900000, close=10923.0, open=10922.0, high=10923.0, low=10922.0]
2016-11-28 20:11:17.692 [main] INFO  com.fourcasters.forec.reconciler.query.history.HistoryDAO - Record: HistoryRecord [volume=36, day=23, month=12, year=2015, hour=13, minute=6, timestamp=1450875960000, close=10923.0, open=10923.0, high=10923.0, low=10922.0]
2016-11-28 20:11:17.692 [main] INFO  com.fourcasters.forec.reconciler.query.history.HistoryDAO - Record: HistoryRecord [volume=49, day=23, month=12, year=2015, hour=13, minute=7, timestamp=1450876020000, close=10924.0, open=10923.0, high=10924.0, low=10923.0]
2016-11-28 20:11:17.692 [main] INFO  com.fourcasters.forec.reconciler.query.history.HistoryDAO - Record: HistoryRecord [volume=45, day=23, month=12, year=2015, hour=13, minute=8, timestamp=1450876080000, close=10924.0, open=10924.0, high=10924.0, low=10923.0]
2016-11-28 20:11:17.693 [main] INFO  com.fourcasters.forec.reconciler.query.history.HistoryDAO - Record: HistoryRecord [volume=48, day=23, month=12, year=2015, hour=13, minute=9, timestamp=1450876140000, close=10924.0, open=10924.0, high=10925.0, low=10924.0]
2016-11-28 20:11:17.693 [main] INFO  com.fourcasters.forec.reconciler.query.history.HistoryDAO - Record: HistoryRecord [volume=64, day=23, month=12, year=2015, hour=13, minute=10, timestamp=1450876200000, close=10922.0, open=10924.0, high=10924.0, low=10922.0]
2016-11-28 20:11:17.693 [main] INFO  com.fourcasters.forec.reconciler.query.history.HistoryDAO - Record: HistoryRecord [volume=26, day=23, month=12, year=2015, hour=13, minute=11, timestamp=1450876260000, close=10922.0, open=10922.0, high=10923.0, low=10922.0]
2016-11-28 20:11:17.693 [main] INFO  com.fourcasters.forec.reconciler.query.history.HistoryDAO - Record: HistoryRecord [volume=44, day=23, month=12, year=2015, hour=13, minute=12, timestamp=1450876320000, close=10922.0, open=10922.0, high=10922.0, low=10921.0]
2016-11-28 20:11:17.694 [main] INFO  com.fourcasters.forec.reconciler.query.history.HistoryDAO - Record: HistoryRecord [volume=33, day=23, month=12, year=2015, hour=13, minute=13, timestamp=1450876380000, close=10922.0, open=10921.0, high=10922.0, low=10921.0]
2016-11-28 20:11:17.694 [main] INFO  com.fourcasters.forec.reconciler.query.history.HistoryDAO - Record: HistoryRecord [volume=80, day=23, month=12, year=2015, hour=13, minute=14, timestamp=1450876440000, close=10922.0, open=10922.0, high=10924.0, low=10922.0]
2016-11-28 20:11:17.694 [main] INFO  com.fourcasters.forec.reconciler.query.history.HistoryDAO - Record: HistoryRecord [volume=46, day=23, month=12, year=2015, hour=13, minute=15, timestamp=1450876500000, close=10921.0, open=10922.0, high=10923.0, low=10921.0]
2016-11-28 20:11:17.694 [main] INFO  com.fourcasters.forec.reconciler.query.history.HistoryDAO - Record: HistoryRecord [volume=93, day=23, month=12, year=2015, hour=13, minute=16, timestamp=1450876560000, close=10923.0, open=10921.0, high=10923.0, low=10920.0]
2016-11-28 20:11:17.694 [main] INFO  com.fourcasters.forec.reconciler.query.history.HistoryDAO - Record: HistoryRecord [volume=90, day=23, month=12, year=2015, hour=13, minute=17, timestamp=1450876620000, close=10922.0, open=10923.0, high=10923.0, low=10921.0]
2016-11-28 20:11:17.694 [main] INFO  com.fourcasters.forec.reconciler.query.history.HistoryDAO - Record: HistoryRecord [volume=56, day=23, month=12, year=2015, hour=13, minute=18, timestamp=1450876680000, close=10924.0, open=10922.0, high=10925.0, low=10922.0]
2016-11-28 20:11:17.695 [main] INFO  com.fourcasters.forec.reconciler.query.history.HistoryDAO - Record: HistoryRecord [volume=75, day=23, month=12, year=2015, hour=13, minute=19, timestamp=1450876740000, close=10927.0, open=10925.0, high=10927.0, low=10924.0]
2016-11-28 20:11:17.695 [main] INFO  com.fourcasters.forec.reconciler.query.history.HistoryDAO - Record: HistoryRecord [volume=66, day=23, month=12, year=2015, hour=13, minute=20, timestamp=1450876800000, close=10931.0, open=10927.0, high=10931.0, low=10926.0]
2016-11-28 20:11:17.695 [main] INFO  com.fourcasters.forec.reconciler.query.history.HistoryDAO - Record: HistoryRecord [volume=46, day=23, month=12, year=2015, hour=13, minute=21, timestamp=1450876860000, close=10930.0, open=10931.0, high=10931.0, low=10929.0]
2016-11-28 20:11:17.695 [main] DEBUG com.fourcasters.forec.reconciler.query.history.HistoryDAO - Checkpoint: 1450875600000=165082
2016-11-28 20:11:17.695 [main] INFO  com.fourcasters.forec.reconciler.query.history.HistoryDAO - Record: HistoryRecord [volume=47, day=23, month=12, year=2015, hour=13, minute=0, timestamp=1450875600000, close=10921.0, open=10921.0, high=10921.0, low=10920.0]
2016-11-28 20:11:17.695 [main] INFO  com.fourcasters.forec.reconciler.query.history.HistoryDAO - Record: HistoryRecord [volume=71, day=23, month=12, year=2015, hour=13, minute=1, timestamp=1450875660000, close=10923.0, open=10921.0, high=10923.0, low=10921.0]
2016-11-28 20:11:17.696 [main] INFO  com.fourcasters.forec.reconciler.query.history.HistoryDAO - Record: HistoryRecord [volume=92, day=23, month=12, year=2015, hour=13, minute=2, timestamp=1450875720000, close=10923.0, open=10923.0, high=10924.0, low=10922.0]
2016-11-28 20:11:17.696 [main] INFO  com.fourcasters.forec.reconciler.query.history.HistoryDAO - Record: HistoryRecord [volume=51, day=23, month=12, year=2015, hour=13, minute=3, timestamp=1450875780000, close=10923.0, open=10923.0, high=10923.0, low=10922.0]
2016-11-28 20:11:17.696 [main] INFO  com.fourcasters.forec.reconciler.query.history.HistoryDAO - Record: HistoryRecord [volume=23, day=23, month=12, year=2015, hour=13, minute=4, timestamp=1450875840000, close=10923.0, open=10923.0, high=10923.0, low=10922.0]
2016-11-28 20:11:17.696 [main] INFO  com.fourcasters.forec.reconciler.query.history.HistoryDAO - Record: HistoryRecord [volume=33, day=23, month=12, year=2015, hour=13, minute=5, timestamp=1450875900000, close=10923.0, open=10922.0, high=10923.0, low=10922.0]
2016-11-28 20:11:17.696 [main] INFO  com.fourcasters.forec.reconciler.query.history.HistoryDAO - Record: HistoryRecord [volume=36, day=23, month=12, year=2015, hour=13, minute=6, timestamp=1450875960000, close=10923.0, open=10923.0, high=10923.0, low=10922.0]
2016-11-28 20:11:17.697 [main] INFO  com.fourcasters.forec.reconciler.query.history.HistoryDAO - Record: HistoryRecord [volume=49, day=23, month=12, year=2015, hour=13, minute=7, timestamp=1450876020000, close=10924.0, open=10923.0, high=10924.0, low=10923.0]
2016-11-28 20:11:17.697 [main] INFO  com.fourcasters.forec.reconciler.query.history.HistoryDAO - Record: HistoryRecord [volume=45, day=23, month=12, year=2015, hour=13, minute=8, timestamp=1450876080000, close=10924.0, open=10924.0, high=10924.0, low=10923.0]
2016-11-28 20:11:17.697 [main] INFO  com.fourcasters.forec.reconciler.query.history.HistoryDAO - Record: HistoryRecord [volume=48, day=23, month=12, year=2015, hour=13, minute=9, timestamp=1450876140000, close=10924.0, open=10924.0, high=10925.0, low=10924.0]
2016-11-28 20:11:17.697 [main] INFO  com.fourcasters.forec.reconciler.query.history.HistoryDAO - Record: HistoryRecord [volume=64, day=23, month=12, year=2015, hour=13, minute=10, timestamp=1450876200000, close=10922.0, open=10924.0, high=10924.0, low=10922.0]
2016-11-28 20:11:17.697 [main] INFO  com.fourcasters.forec.reconciler.query.history.HistoryDAO - Record: HistoryRecord [volume=26, day=23, month=12, year=2015, hour=13, minute=11, timestamp=1450876260000, close=10922.0, open=10922.0, high=10923.0, low=10922.0]
2016-11-28 20:11:17.697 [main] INFO  com.fourcasters.forec.reconciler.query.history.HistoryDAO - Record: HistoryRecord [volume=44, day=23, month=12, year=2015, hour=13, minute=12, timestamp=1450876320000, close=10922.0, open=10922.0, high=10922.0, low=10921.0]
2016-11-28 20:11:17.697 [main] INFO  com.fourcasters.forec.reconciler.query.history.HistoryDAO - Record: HistoryRecord [volume=33, day=23, month=12, year=2015, hour=13, minute=13, timestamp=1450876380000, close=10922.0, open=10921.0, high=10922.0, low=10921.0]
2016-11-28 20:11:17.698 [main] INFO  com.fourcasters.forec.reconciler.query.history.HistoryDAO - Record: HistoryRecord [volume=80, day=23, month=12, year=2015, hour=13, minute=14, timestamp=1450876440000, close=10922.0, open=10922.0, high=10924.0, low=10922.0]
2016-11-28 20:11:17.698 [main] INFO  com.fourcasters.forec.reconciler.query.history.HistoryDAO - Record: HistoryRecord [volume=46, day=23, month=12, year=2015, hour=13, minute=15, timestamp=1450876500000, close=10921.0, open=10922.0, high=10923.0, low=10921.0]
2016-11-28 20:11:17.698 [main] INFO  com.fourcasters.forec.reconciler.query.history.HistoryDAO - Record: HistoryRecord [volume=93, day=23, month=12, year=2015, hour=13, minute=16, timestamp=1450876560000, close=10923.0, open=10921.0, high=10923.0, low=10920.0]
2016-11-28 20:11:17.698 [main] INFO  com.fourcasters.forec.reconciler.query.history.HistoryDAO - Record: HistoryRecord [volume=90, day=23, month=12, year=2015, hour=13, minute=17, timestamp=1450876620000, close=10922.0, open=10923.0, high=10923.0, low=10921.0]
2016-11-28 20:11:17.698 [main] INFO  com.fourcasters.forec.reconciler.query.history.HistoryDAO - Record: HistoryRecord [volume=56, day=23, month=12, year=2015, hour=13, minute=18, timestamp=1450876680000, close=10924.0, open=10922.0, high=10925.0, low=10922.0]
2016-11-28 20:11:17.698 [main] INFO  com.fourcasters.forec.reconciler.query.history.HistoryDAO - Record: HistoryRecord [volume=75, day=23, month=12, year=2015, hour=13, minute=19, timestamp=1450876740000, close=10927.0, open=10925.0, high=10927.0, low=10924.0]
2016-11-28 20:11:17.699 [main] INFO  com.fourcasters.forec.reconciler.query.history.HistoryDAO - Record: HistoryRecord [volume=66, day=23, month=12, year=2015, hour=13, minute=20, timestamp=1450876800000, close=10931.0, open=10927.0, high=10931.0, low=10926.0]
2016-11-28 20:11:17.699 [main] INFO  com.fourcasters.forec.reconciler.query.history.HistoryDAO - Record: HistoryRecord [volume=46, day=23, month=12, year=2015, hour=13, minute=21, timestamp=1450876860000, close=10930.0, open=10931.0, high=10931.0, low=10929.0]
2016-11-28 20:11:17.699 [main] INFO  com.fourcasters.forec.reconciler.query.history.HistoryDAO - Record: HistoryRecord [volume=49, day=23, month=12, year=2015, hour=13, minute=22, timestamp=1450876920000, close=10929.0, open=10930.0, high=10930.0, low=10929.0]
2016-11-28 20:11:17.699 [main] INFO  com.fourcasters.forec.reconciler.query.history.HistoryDAO - Record: HistoryRecord [volume=74, day=23, month=12, year=2015, hour=13, minute=23, timestamp=1450876980000, close=10932.0, open=10929.0, high=10932.0, low=10928.0]
2016-11-28 20:11:17.699 [main] INFO  com.fourcasters.forec.reconciler.query.history.HistoryDAO - Record: HistoryRecord [volume=55, day=23, month=12, year=2015, hour=13, minute=24, timestamp=1450877040000, close=10928.0, open=10932.0, high=10932.0, low=10928.0]
2016-11-28 20:11:17.699 [main] INFO  com.fourcasters.forec.reconciler.query.history.HistoryDAO - Record: HistoryRecord [volume=69, day=23, month=12, year=2015, hour=13, minute=25, timestamp=1450877100000, close=10929.0, open=10928.0, high=10930.0, low=10928.0]
2016-11-28 20:11:17.700 [main] INFO  com.fourcasters.forec.reconciler.query.history.HistoryDAO - Record: HistoryRecord [volume=32, day=23, month=12, year=2015, hour=13, minute=26, timestamp=1450877160000, close=10929.0, open=10929.0, high=10929.0, low=10928.0]
2016-11-28 20:11:17.700 [main] INFO  com.fourcasters.forec.reconciler.query.history.HistoryDAO - Record: HistoryRecord [volume=43, day=23, month=12, year=2015, hour=13, minute=27, timestamp=1450877220000, close=10930.0, open=10929.0, high=10931.0, low=10929.0]
2016-11-28 20:11:17.700 [main] INFO  com.fourcasters.forec.reconciler.query.history.HistoryDAO - Record: HistoryRecord [volume=86, day=23, month=12, year=2015, hour=13, minute=28, timestamp=1450877280000, close=10931.0, open=10930.0, high=10931.0, low=10930.0]
2016-11-28 20:11:17.700 [main] INFO  com.fourcasters.forec.reconciler.query.history.HistoryDAO - Record: HistoryRecord [volume=84, day=23, month=12, year=2015, hour=13, minute=29, timestamp=1450877340000, close=10931.0, open=10931.0, high=10933.0, low=10931.0]
2016-11-28 20:11:17.700 [main] INFO  com.fourcasters.forec.reconciler.query.history.HistoryDAO - Record: HistoryRecord [volume=83, day=23, month=12, year=2015, hour=13, minute=30, timestamp=1450877400000, close=10930.0, open=10931.0, high=10931.0, low=10930.0]
2016-11-28 20:11:17.700 [main] INFO  com.fourcasters.forec.reconciler.query.history.HistoryDAO - Record: HistoryRecord [volume=73, day=23, month=12, year=2015, hour=13, minute=31, timestamp=1450877460000, close=10929.0, open=10930.0, high=10930.0, low=10928.0]
2016-11-28 20:11:17.701 [main] DEBUG com.fourcasters.forec.reconciler.server.http.AbstractServlet - Sending...
2016-11-28 20:11:17.702 [main] DEBUG com.fourcasters.forec.reconciler.query.history.HistoryDAO - Checkpoint: 1450875600000=165082
2016-11-28 20:11:17.702 [main] INFO  com.fourcasters.forec.reconciler.query.history.HistoryDAO - Record: HistoryRecord [volume=47, day=23, month=12, year=2015, hour=13, minute=0, timestamp=1450875600000, close=10921.0, open=10921.0, high=10921.0, low=10920.0]
2016-11-28 20:11:17.702 [main] INFO  com.fourcasters.forec.reconciler.query.history.HistoryDAO - Record: HistoryRecord [volume=71, day=23, month=12, year=2015, hour=13, minute=1, timestamp=1450875660000, close=10923.0, open=10921.0, high=10923.0, low=10921.0]
2016-11-28 20:11:17.703 [main] INFO  com.fourcasters.forec.reconciler.query.history.HistoryDAO - Record: HistoryRecord [volume=92, day=23, month=12, year=2015, hour=13, minute=2, timestamp=1450875720000, close=10923.0, open=10923.0, high=10924.0, low=10922.0]
2016-11-28 20:11:17.703 [main] INFO  com.fourcasters.forec.reconciler.query.history.HistoryDAO - Record: HistoryRecord [volume=51, day=23, month=12, year=2015, hour=13, minute=3, timestamp=1450875780000, close=10923.0, open=10923.0, high=10923.0, low=10922.0]
2016-11-28 20:11:17.703 [main] INFO  com.fourcasters.forec.reconciler.query.history.HistoryDAO - Record: HistoryRecord [volume=23, day=23, month=12, year=2015, hour=13, minute=4, timestamp=1450875840000, close=10923.0, open=10923.0, high=10923.0, low=10922.0]
2016-11-28 20:11:17.703 [main] INFO  com.fourcasters.forec.reconciler.query.history.HistoryDAO - Record: HistoryRecord [volume=33, day=23, month=12, year=2015, hour=13, minute=5, timestamp=1450875900000, close=10923.0, open=10922.0, high=10923.0, low=10922.0]
2016-11-28 20:11:17.703 [main] INFO  com.fourcasters.forec.reconciler.query.history.HistoryDAO - Record: HistoryRecord [volume=36, day=23, month=12, year=2015, hour=13, minute=6, timestamp=1450875960000, close=10923.0, open=10923.0, high=10923.0, low=10922.0]
2016-11-28 20:11:17.703 [main] INFO  com.fourcasters.forec.reconciler.query.history.HistoryDAO - Record: HistoryRecord [volume=49, day=23, month=12, year=2015, hour=13, minute=7, timestamp=1450876020000, close=10924.0, open=10923.0, high=10924.0, low=10923.0]
2016-11-28 20:11:17.704 [main] INFO  com.fourcasters.forec.reconciler.query.history.HistoryDAO - Record: HistoryRecord [volume=45, day=23, month=12, year=2015, hour=13, minute=8, timestamp=1450876080000, close=10924.0, open=10924.0, high=10924.0, low=10923.0]
2016-11-28 20:11:17.704 [main] INFO  com.fourcasters.forec.reconciler.query.history.HistoryDAO - Record: HistoryRecord [volume=48, day=23, month=12, year=2015, hour=13, minute=9, timestamp=1450876140000, close=10924.0, open=10924.0, high=10925.0, low=10924.0]
2016-11-28 20:11:17.704 [main] INFO  com.fourcasters.forec.reconciler.query.history.HistoryDAO - Record: HistoryRecord [volume=64, day=23, month=12, year=2015, hour=13, minute=10, timestamp=1450876200000, close=10922.0, open=10924.0, high=10924.0, low=10922.0]
2016-11-28 20:11:17.704 [main] INFO  com.fourcasters.forec.reconciler.query.history.HistoryDAO - Record: HistoryRecord [volume=26, day=23, month=12, year=2015, hour=13, minute=11, timestamp=1450876260000, close=10922.0, open=10922.0, high=10923.0, low=10922.0]
2016-11-28 20:11:17.704 [main] INFO  com.fourcasters.forec.reconciler.query.history.HistoryDAO - Record: HistoryRecord [volume=44, day=23, month=12, year=2015, hour=13, minute=12, timestamp=1450876320000, close=10922.0, open=10922.0, high=10922.0, low=10921.0]
2016-11-28 20:11:17.704 [main] INFO  com.fourcasters.forec.reconciler.query.history.HistoryDAO - Record: HistoryRecord [volume=33, day=23, month=12, year=2015, hour=13, minute=13, timestamp=1450876380000, close=10922.0, open=10921.0, high=10922.0, low=10921.0]
2016-11-28 20:11:17.704 [main] INFO  com.fourcasters.forec.reconciler.query.history.HistoryDAO - Record: HistoryRecord [volume=80, day=23, month=12, year=2015, hour=13, minute=14, timestamp=1450876440000, close=10922.0, open=10922.0, high=10924.0, low=10922.0]
2016-11-28 20:11:17.705 [main] INFO  com.fourcasters.forec.reconciler.query.history.HistoryDAO - Record: HistoryRecord [volume=46, day=23, month=12, year=2015, hour=13, minute=15, timestamp=1450876500000, close=10921.0, open=10922.0, high=10923.0, low=10921.0]
2016-11-28 20:11:17.705 [main] INFO  com.fourcasters.forec.reconciler.query.history.HistoryDAO - Record: HistoryRecord [volume=93, day=23, month=12, year=2015, hour=13, minute=16, timestamp=1450876560000, close=10923.0, open=10921.0, high=10923.0, low=10920.0]
2016-11-28 20:11:17.705 [main] INFO  com.fourcasters.forec.reconciler.query.history.HistoryDAO - Record: HistoryRecord [volume=90, day=23, month=12, year=2015, hour=13, minute=17, timestamp=1450876620000, close=10922.0, open=10923.0, high=10923.0, low=10921.0]
2016-11-28 20:11:17.705 [main] INFO  com.fourcasters.forec.reconciler.query.history.HistoryDAO - Record: HistoryRecord [volume=56, day=23, month=12, year=2015, hour=13, minute=18, timestamp=1450876680000, close=10924.0, open=10922.0, high=10925.0, low=10922.0]
2016-11-28 20:11:17.705 [main] INFO  com.fourcasters.forec.reconciler.query.history.HistoryDAO - Record: HistoryRecord [volume=75, day=23, month=12, year=2015, hour=13, minute=19, timestamp=1450876740000, close=10927.0, open=10925.0, high=10927.0, low=10924.0]
2016-11-28 20:11:17.705 [main] INFO  com.fourcasters.forec.reconciler.query.history.HistoryDAO - Record: HistoryRecord [volume=66, day=23, month=12, year=2015, hour=13, minute=20, timestamp=1450876800000, close=10931.0, open=10927.0, high=10931.0, low=10926.0]
2016-11-28 20:11:17.705 [main] INFO  com.fourcasters.forec.reconciler.query.history.HistoryDAO - Record: HistoryRecord [volume=46, day=23, month=12, year=2015, hour=13, minute=21, timestamp=1450876860000, close=10930.0, open=10931.0, high=10931.0, low=10929.0]
2016-11-28 20:11:17.706 [main] DEBUG com.fourcasters.forec.reconciler.query.history.HistoryDAO - Checkpoint: 1450875600000=165082
2016-11-28 20:11:17.706 [main] INFO  com.fourcasters.forec.reconciler.query.history.HistoryDAO - Record: HistoryRecord [volume=47, day=23, month=12, year=2015, hour=13, minute=0, timestamp=1450875600000, close=10921.0, open=10921.0, high=10921.0, low=10920.0]
2016-11-28 20:11:17.706 [main] INFO  com.fourcasters.forec.reconciler.query.history.HistoryDAO - Record: HistoryRecord [volume=71, day=23, month=12, year=2015, hour=13, minute=1, timestamp=1450875660000, close=10923.0, open=10921.0, high=10923.0, low=10921.0]
2016-11-28 20:11:17.706 [main] INFO  com.fourcasters.forec.reconciler.query.history.HistoryDAO - Record: HistoryRecord [volume=92, day=23, month=12, year=2015, hour=13, minute=2, timestamp=1450875720000, close=10923.0, open=10923.0, high=10924.0, low=10922.0]
2016-11-28 20:11:17.706 [main] INFO  com.fourcasters.forec.reconciler.query.history.HistoryDAO - Record: HistoryRecord [volume=51, day=23, month=12, year=2015, hour=13, minute=3, timestamp=1450875780000, close=10923.0, open=10923.0, high=10923.0, low=10922.0]
2016-11-28 20:11:17.706 [main] INFO  com.fourcasters.forec.reconciler.query.history.HistoryDAO - Record: HistoryRecord [volume=23, day=23, month=12, year=2015, hour=13, minute=4, timestamp=1450875840000, close=10923.0, open=10923.0, high=10923.0, low=10922.0]
2016-11-28 20:11:17.706 [main] INFO  com.fourcasters.forec.reconciler.query.history.HistoryDAO - Record: HistoryRecord [volume=33, day=23, month=12, year=2015, hour=13, minute=5, timestamp=1450875900000, close=10923.0, open=10922.0, high=10923.0, low=10922.0]
2016-11-28 20:11:17.706 [main] INFO  com.fourcasters.forec.reconciler.query.history.HistoryDAO - Record: HistoryRecord [volume=36, day=23, month=12, year=2015, hour=13, minute=6, timestamp=1450875960000, close=10923.0, open=10923.0, high=10923.0, low=10922.0]
2016-11-28 20:11:17.707 [main] INFO  com.fourcasters.forec.reconciler.query.history.HistoryDAO - Record: HistoryRecord [volume=49, day=23, month=12, year=2015, hour=13, minute=7, timestamp=1450876020000, close=10924.0, open=10923.0, high=10924.0, low=10923.0]
2016-11-28 20:11:17.707 [main] INFO  com.fourcasters.forec.reconciler.query.history.HistoryDAO - Record: HistoryRecord [volume=45, day=23, month=12, year=2015, hour=13, minute=8, timestamp=1450876080000, close=10924.0, open=10924.0, high=10924.0, low=10923.0]
2016-11-28 20:11:17.707 [main] INFO  com.fourcasters.forec.reconciler.query.history.HistoryDAO - Record: HistoryRecord [volume=48, day=23, month=12, year=2015, hour=13, minute=9, timestamp=1450876140000, close=10924.0, open=10924.0, high=10925.0, low=10924.0]
2016-11-28 20:11:17.707 [main] INFO  com.fourcasters.forec.reconciler.query.history.HistoryDAO - Record: HistoryRecord [volume=64, day=23, month=12, year=2015, hour=13, minute=10, timestamp=1450876200000, close=10922.0, open=10924.0, high=10924.0, low=10922.0]
2016-11-28 20:11:17.707 [main] INFO  com.fourcasters.forec.reconciler.query.history.HistoryDAO - Record: HistoryRecord [volume=26, day=23, month=12, year=2015, hour=13, minute=11, timestamp=1450876260000, close=10922.0, open=10922.0, high=10923.0, low=10922.0]
2016-11-28 20:11:17.707 [main] INFO  com.fourcasters.forec.reconciler.query.history.HistoryDAO - Record: HistoryRecord [volume=44, day=23, month=12, year=2015, hour=13, minute=12, timestamp=1450876320000, close=10922.0, open=10922.0, high=10922.0, low=10921.0]
2016-11-28 20:11:17.707 [main] INFO  com.fourcasters.forec.reconciler.query.history.HistoryDAO - Record: HistoryRecord [volume=33, day=23, month=12, year=2015, hour=13, minute=13, timestamp=1450876380000, close=10922.0, open=10921.0, high=10922.0, low=10921.0]
2016-11-28 20:11:17.707 [main] INFO  com.fourcasters.forec.reconciler.query.history.HistoryDAO - Record: HistoryRecord [volume=80, day=23, month=12, year=2015, hour=13, minute=14, timestamp=1450876440000, close=10922.0, open=10922.0, high=10924.0, low=10922.0]
2016-11-28 20:11:17.707 [main] INFO  com.fourcasters.forec.reconciler.query.history.HistoryDAO - Record: HistoryRecord [volume=46, day=23, month=12, year=2015, hour=13, minute=15, timestamp=1450876500000, close=10921.0, open=10922.0, high=10923.0, low=10921.0]
2016-11-28 20:11:17.708 [main] INFO  com.fourcasters.forec.reconciler.query.history.HistoryDAO - Record: HistoryRecord [volume=93, day=23, month=12, year=2015, hour=13, minute=16, timestamp=1450876560000, close=10923.0, open=10921.0, high=10923.0, low=10920.0]
2016-11-28 20:11:17.708 [main] INFO  com.fourcasters.forec.reconciler.query.history.HistoryDAO - Record: HistoryRecord [volume=90, day=23, month=12, year=2015, hour=13, minute=17, timestamp=1450876620000, close=10922.0, open=10923.0, high=10923.0, low=10921.0]
2016-11-28 20:11:17.708 [main] INFO  com.fourcasters.forec.reconciler.query.history.HistoryDAO - Record: HistoryRecord [volume=56, day=23, month=12, year=2015, hour=13, minute=18, timestamp=1450876680000, close=10924.0, open=10922.0, high=10925.0, low=10922.0]
2016-11-28 20:11:17.708 [main] INFO  com.fourcasters.forec.reconciler.query.history.HistoryDAO - Record: HistoryRecord [volume=75, day=23, month=12, year=2015, hour=13, minute=19, timestamp=1450876740000, close=10927.0, open=10925.0, high=10927.0, low=10924.0]
2016-11-28 20:11:17.708 [main] INFO  com.fourcasters.forec.reconciler.query.history.HistoryDAO - Record: HistoryRecord [volume=66, day=23, month=12, year=2015, hour=13, minute=20, timestamp=1450876800000, close=10931.0, open=10927.0, high=10931.0, low=10926.0]
2016-11-28 20:11:17.708 [main] INFO  com.fourcasters.forec.reconciler.query.history.HistoryDAO - Record: HistoryRecord [volume=46, day=23, month=12, year=2015, hour=13, minute=21, timestamp=1450876860000, close=10930.0, open=10931.0, high=10931.0, low=10929.0]
2016-11-28 20:11:17.708 [main] INFO  com.fourcasters.forec.reconciler.query.history.HistoryDAO - Record: HistoryRecord [volume=49, day=23, month=12, year=2015, hour=13, minute=22, timestamp=1450876920000, close=10929.0, open=10930.0, high=10930.0, low=10929.0]
2016-11-28 20:11:17.708 [main] INFO  com.fourcasters.forec.reconciler.query.history.HistoryDAO - Record: HistoryRecord [volume=74, day=23, month=12, year=2015, hour=13, minute=23, timestamp=1450876980000, close=10932.0, open=10929.0, high=10932.0, low=10928.0]
2016-11-28 20:11:17.708 [main] INFO  com.fourcasters.forec.reconciler.query.history.HistoryDAO - Record: HistoryRecord [volume=55, day=23, month=12, year=2015, hour=13, minute=24, timestamp=1450877040000, close=10928.0, open=10932.0, high=10932.0, low=10928.0]
2016-11-28 20:11:17.708 [main] INFO  com.fourcasters.forec.reconciler.query.history.HistoryDAO - Record: HistoryRecord [volume=69, day=23, month=12, year=2015, hour=13, minute=25, timestamp=1450877100000, close=10929.0, open=10928.0, high=10930.0, low=10928.0]
2016-11-28 20:11:17.709 [main] INFO  com.fourcasters.forec.reconciler.query.history.HistoryDAO - Record: HistoryRecord [volume=32, day=23, month=12, year=2015, hour=13, minute=26, timestamp=1450877160000, close=10929.0, open=10929.0, high=10929.0, low=10928.0]
2016-11-28 20:11:17.709 [main] INFO  com.fourcasters.forec.reconciler.query.history.HistoryDAO - Record: HistoryRecord [volume=43, day=23, month=12, year=2015, hour=13, minute=27, timestamp=1450877220000, close=10930.0, open=10929.0, high=10931.0, low=10929.0]
2016-11-28 20:11:17.709 [main] INFO  com.fourcasters.forec.reconciler.query.history.HistoryDAO - Record: HistoryRecord [volume=86, day=23, month=12, year=2015, hour=13, minute=28, timestamp=1450877280000, close=10931.0, open=10930.0, high=10931.0, low=10930.0]
2016-11-28 20:11:17.709 [main] INFO  com.fourcasters.forec.reconciler.query.history.HistoryDAO - Record: HistoryRecord [volume=84, day=23, month=12, year=2015, hour=13, minute=29, timestamp=1450877340000, close=10931.0, open=10931.0, high=10933.0, low=10931.0]
2016-11-28 20:11:17.709 [main] INFO  com.fourcasters.forec.reconciler.query.history.HistoryDAO - Record: HistoryRecord [volume=83, day=23, month=12, year=2015, hour=13, minute=30, timestamp=1450877400000, close=10930.0, open=10931.0, high=10931.0, low=10930.0]
2016-11-28 20:11:17.709 [main] INFO  com.fourcasters.forec.reconciler.query.history.HistoryDAO - Record: HistoryRecord [volume=73, day=23, month=12, year=2015, hour=13, minute=31, timestamp=1450877460000, close=10929.0, open=10930.0, high=10930.0, low=10928.0]
